<?xml version="1.0" encoding="UTF-8"?>
<testsuite name="TwoferTest" tests="3" skipped="0" failures="0" errors="0" timestamp="2023-12-21T10:30:04" hostname="THOMMU" time="0.074">
  <properties/>
  <testcase name="noNameGiven" classname="TwoferTest" time="0.059"/>
  <testcase name="aNameGiven" classname="TwoferTest" time="0.011"/>
  <testcase name="anotherNameGiven" classname="TwoferTest" time="0.0"/>
  <system-out><![CDATA[]]></system-out>
  <system-err><![CDATA[]]></system-err>
</testsuite>
