<?xml version="1.0" encoding="UTF-8"?>
<testsuite name="ResistorColorTest" tests="4" skipped="3" failures="0" errors="0" timestamp="2023-12-21T13:47:44" hostname="THOMMU" time="0.068">
  <properties/>
  <testcase name="testWhiteColorCode" classname="ResistorColorTest" time="0.0">
    <skipped/>
  </testcase>
  <testcase name="testColors" classname="ResistorColorTest" time="0.0">
    <skipped/>
  </testcase>
  <testcase name="testBlackColorCode" classname="ResistorColorTest" time="0.067"/>
  <testcase name="testOrangeColorCode" classname="ResistorColorTest" time="0.0">
    <skipped/>
  </testcase>
  <system-out><![CDATA[]]></system-out>
  <system-err><![CDATA[]]></system-err>
</testsuite>
