<?xml version="1.0" encoding="UTF-8"?>
<testsuite name="SimpleLinkedListTest" tests="7" skipped="6" failures="0" errors="0" timestamp="2023-12-21T18:28:49" hostname="THOMMU" time="0.06">
  <properties/>
  <testcase name="canReturnListAsArray" classname="SimpleLinkedListTest" time="0.0">
    <skipped/>
  </testcase>
  <testcase name="reverseReversesList" classname="SimpleLinkedListTest" time="0.0">
    <skipped/>
  </testcase>
  <testcase name="canCreateFromArray" classname="SimpleLinkedListTest" time="0.0">
    <skipped/>
  </testcase>
  <testcase name="canReturnEmptyListAsEmptyArray" classname="SimpleLinkedListTest" time="0.0">
    <skipped/>
  </testcase>
  <testcase name="popOnEmptyListWillThrow" classname="SimpleLinkedListTest" time="0.0">
    <skipped/>
  </testcase>
  <testcase name="popReturnsLastAddedElement" classname="SimpleLinkedListTest" time="0.0">
    <skipped/>
  </testcase>
  <testcase name="aNewListIsEmpty" classname="SimpleLinkedListTest" time="0.058"/>
  <system-out><![CDATA[]]></system-out>
  <system-err><![CDATA[]]></system-err>
</testsuite>
